<?xml version="1.0" encoding="UTF-8"?>
<!-- Generated by org.testng.reporters.JUnitReportReporter -->
<testsuite hostname="DESKTOP-47I7DLA" failures="0" tests="1" name="testCases.TestCase1" time="6.243" errors="0" timestamp="2022-02-27T17:06:42 CET" skipped="0">
  <testcase classname="testCases.TestCase1" name="scenario_05" time="6.243"/>
  <system-out/>
</testsuite> <!-- testCases.TestCase1 -->
