<?xml version="1.0" encoding="UTF-8"?>
<!-- Generated by org.testng.reporters.JUnitReportReporter -->
<testsuite hostname="DESKTOP-47I7DLA" failures="0" tests="1" name="testCases.TestCase2" time="3.425" errors="0" timestamp="2022-02-27T10:35:10 CET" skipped="0">
  <testcase classname="testCases.TestCase2" name="scenario_6" time="3.425"/>
  <system-out/>
</testsuite> <!-- testCases.TestCase2 -->
